<?xml version="1.0" encoding="UTF-8"?>
<coverage generated="1713125897729" clover="3.2.0">
  <project timestamp="1713125897729" name="All files">
    <metrics statements="20" coveredstatements="20" conditionals="6" coveredconditionals="6" methods="7" coveredmethods="7" elements="33" coveredelements="33" complexity="0" loc="20" ncloc="20" packages="1" files="1" classes="1"/>
    <file name="validateCPF.ts" path="C:\repos\ccca_typescript\src\validateCPF.ts">
      <metrics statements="20" coveredstatements="20" conditionals="6" coveredconditionals="6" methods="7" coveredmethods="7"/>
      <line num="1" count="1" type="stmt"/>
      <line num="2" count="1" type="stmt"/>
      <line num="4" count="1" type="stmt"/>
      <line num="5" count="8" type="cond" truecount="1" falsecount="0"/>
      <line num="6" count="6" type="stmt"/>
      <line num="7" count="6" type="cond" truecount="1" falsecount="0"/>
      <line num="8" count="4" type="cond" truecount="1" falsecount="0"/>
      <line num="9" count="3" type="stmt"/>
      <line num="10" count="3" type="stmt"/>
      <line num="11" count="3" type="stmt"/>
      <line num="15" count="6" type="stmt"/>
      <line num="19" count="6" type="stmt"/>
      <line num="23" count="4" type="stmt"/>
      <line num="24" count="17" type="stmt"/>
      <line num="28" count="6" type="stmt"/>
      <line num="29" count="6" type="stmt"/>
      <line num="30" count="66" type="cond" truecount="1" falsecount="0"/>
      <line num="32" count="6" type="stmt"/>
      <line num="33" count="6" type="cond" truecount="2" falsecount="0"/>
      <line num="37" count="3" type="stmt"/>
    </file>
  </project>
</coverage>
