TN:
SF:src\validateCPF.ts
FN:4,validate
FN:14,removeNonDigits
FN:18,isValidLength
FN:22,allDigitsEqual
FN:24,(anonymous_4)
FN:27,calculateDigit
FN:36,extractDigit
FNF:7
FNH:7
FNDA:8,validate
FNDA:6,removeNonDigits
FNDA:6,isValidLength
FNDA:4,allDigitsEqual
FNDA:17,(anonymous_4)
FNDA:6,calculateDigit
FNDA:3,extractDigit
DA:1,1
DA:2,1
DA:4,1
DA:5,8
DA:6,6
DA:7,6
DA:8,4
DA:9,3
DA:10,3
DA:11,3
DA:15,6
DA:19,6
DA:23,4
DA:24,17
DA:28,6
DA:29,6
DA:30,66
DA:32,6
DA:33,6
DA:37,3
LF:20
LH:20
BRDA:5,0,0,2
BRDA:7,1,0,2
BRDA:8,2,0,1
BRDA:30,3,0,57
BRDA:33,4,0,3
BRDA:33,4,1,3
BRF:6
BRH:6
end_of_record
